c:\codethegame\codethegame\codethegame\release\vc140.pdb
c:\codethegame\codethegame\codethegame\release\main.obj
c:\codethegame\codethegame\codethegame\release\player.obj
c:\codethegame\codethegame\codethegame\release\level1.obj
c:\codethegame\codethegame\codethegame\release\mainmenu.obj
c:\codethegame\codethegame\codethegame\release\runstate.obj
c:\codethegame\codethegame\codethegame\release\editstate.obj
c:\codethegame\codethegame\codethegame\release\flag.obj
c:\codethegame\codethegame\codethegame\release\levelpassed.obj
c:\codethegame\codethegame\codethegame\release\label.obj
c:\codethegame\codethegame\release\codethegame.exe
c:\codethegame\codethegame\release\codethegame.ipdb
c:\codethegame\codethegame\release\codethegame.iobj
c:\codethegame\codethegame\release\codethegame.pdb
c:\codethegame\codethegame\codethegame\release\codethegame.vcxprojresolveassemblyreference.cache
c:\codethegame\codethegame\codethegame\release\togglelabel.obj
c:\codethegame\codethegame\codethegame\release\codethegame.tlog\cl.command.1.tlog
c:\codethegame\codethegame\codethegame\release\codethegame.tlog\cl.read.1.tlog
c:\codethegame\codethegame\codethegame\release\codethegame.tlog\cl.write.1.tlog
c:\codethegame\codethegame\codethegame\release\codethegame.tlog\link.command.1.tlog
c:\codethegame\codethegame\codethegame\release\codethegame.tlog\link.read.1.tlog
c:\codethegame\codethegame\codethegame\release\codethegame.tlog\link.write.1.tlog
